<?xml version="1.0" encoding="UTF-8"?>
<robot generator="Robot 6.0.2 (Python 3.10.8 on win32)" generated="20230703 16:29:27.500" rpa="false" schemaversion="3">
<suite id="s1" name="Add Patient" source="C:\Users\ADMIN\Desktop\Robot_CRM\Add_Patient.robot">
<test id="s1-t1" name="Add Patient" line="6">
<kw name="Admin Login" library="Login_Page">
<kw name="Open Browser and Open Login Page" library="Login_Page">
<kw name="Open Browser" library="SeleniumLibrary">
<arg>${Login_Url}</arg>
<arg>${Browser}</arg>
<doc>Opens a new browser instance to the optional ``url``.</doc>
<msg timestamp="20230703 16:29:27.749" level="INFO">Opening browser 'chrome' to base url 'https://hospitalb.com/login'.</msg>
<status status="PASS" starttime="20230703 16:29:27.749" endtime="20230703 16:29:32.732"/>
</kw>
<kw name="Maximize Browser Window" library="SeleniumLibrary">
<doc>Maximizes current browser window.</doc>
<status status="PASS" starttime="20230703 16:29:32.732" endtime="20230703 16:29:32.857"/>
</kw>
<status status="PASS" starttime="20230703 16:29:27.749" endtime="20230703 16:29:32.857"/>
</kw>
<kw name="Input Email And Pass" library="Login_Page">
<arg>${USER Admin}[email]</arg>
<arg>${USER Admin}[password]</arg>
<kw name="Input Text" library="SeleniumLibrary">
<arg>name:email</arg>
<arg>${username}</arg>
<doc>Types the given ``text`` into the text field identified by ``locator``.</doc>
<msg timestamp="20230703 16:29:32.857" level="INFO">Typing text 'admin@gmail.com' into text field 'name:email'.</msg>
<status status="PASS" starttime="20230703 16:29:32.857" endtime="20230703 16:29:33.080"/>
</kw>
<kw name="Input Text" library="SeleniumLibrary">
<arg>name:password</arg>
<arg>${password}</arg>
<doc>Types the given ``text`` into the text field identified by ``locator``.</doc>
<msg timestamp="20230703 16:29:33.080" level="INFO">Typing text '123456' into text field 'name:password'.</msg>
<status status="PASS" starttime="20230703 16:29:33.080" endtime="20230703 16:29:33.209"/>
</kw>
<status status="PASS" starttime="20230703 16:29:32.857" endtime="20230703 16:29:33.209"/>
</kw>
<kw name="Click Sign In Button" library="Login_Page">
<kw name="Click Element" library="SeleniumLibrary">
<arg>xpath://input[@value='Sign In']</arg>
<doc>Click the element identified by ``locator``.</doc>
<msg timestamp="20230703 16:29:33.209" level="INFO">Clicking element 'xpath://input[@value='Sign In']'.</msg>
<status status="PASS" starttime="20230703 16:29:33.209" endtime="20230703 16:29:36.680"/>
</kw>
<status status="PASS" starttime="20230703 16:29:33.209" endtime="20230703 16:29:36.681"/>
</kw>
<status status="PASS" starttime="20230703 16:29:27.749" endtime="20230703 16:29:36.681"/>
</kw>
<kw name="Click Link" library="SeleniumLibrary">
<arg>partial link:Patient</arg>
<doc>Clicks a link identified by ``locator``.</doc>
<msg timestamp="20230703 16:29:36.683" level="INFO">Clicking link 'partial link:Patient'.</msg>
<status status="PASS" starttime="20230703 16:29:36.682" endtime="20230703 16:29:37.329"/>
</kw>
<kw name="Click Element" library="SeleniumLibrary">
<arg>xpath://h3/a</arg>
<doc>Click the element identified by ``locator``.</doc>
<msg timestamp="20230703 16:29:37.331" level="INFO">Clicking element 'xpath://h3/a'.</msg>
<status status="PASS" starttime="20230703 16:29:37.330" endtime="20230703 16:29:38.741"/>
</kw>
<kw name="Input Text" library="SeleniumLibrary">
<arg>id:full_name</arg>
<arg>Ad</arg>
<doc>Types the given ``text`` into the text field identified by ``locator``.</doc>
<msg timestamp="20230703 16:29:38.743" level="INFO">Typing text 'Ad' into text field 'id:full_name'.</msg>
<status status="PASS" starttime="20230703 16:29:38.742" endtime="20230703 16:29:38.906"/>
</kw>
<kw name="Input Text" library="SeleniumLibrary">
<arg>id:mobile_no</arg>
<arg>283874834773</arg>
<doc>Types the given ``text`` into the text field identified by ``locator``.</doc>
<msg timestamp="20230703 16:29:38.908" level="INFO">Typing text '283874834773' into text field 'id:mobile_no'.</msg>
<status status="PASS" starttime="20230703 16:29:38.908" endtime="20230703 16:29:39.109"/>
</kw>
<kw name="Select From List By Value" library="SeleniumLibrary">
<arg>name:gender</arg>
<arg>1</arg>
<doc>Selects options from selection list ``locator`` by ``values``.</doc>
<msg timestamp="20230703 16:29:39.111" level="INFO">Selecting options from selection list 'name:gender' by value 1.</msg>
<status status="PASS" starttime="20230703 16:29:39.110" endtime="20230703 16:29:39.322"/>
</kw>
<kw name="Select From List By Label" library="SeleniumLibrary">
<arg>name:gender</arg>
<arg>Male</arg>
<doc>Selects options from selection list ``locator`` by ``labels``.</doc>
<msg timestamp="20230703 16:29:39.324" level="INFO">Selecting options from selection list 'name:gender' by label Male.</msg>
<status status="PASS" starttime="20230703 16:29:39.323" endtime="20230703 16:29:39.391"/>
</kw>
<kw name="Click Button" library="SeleniumLibrary">
<arg>xpath://button[text()='Next']</arg>
<doc>Clicks the button identified by ``locator``.</doc>
<msg timestamp="20230703 16:29:39.391" level="INFO">Clicking button 'xpath://button[text()='Next']'.</msg>
<status status="PASS" starttime="20230703 16:29:39.391" endtime="20230703 16:29:39.526"/>
</kw>
<kw name="Close Browser" library="SeleniumLibrary" type="TEARDOWN">
<doc>Closes the current browser.</doc>
<status status="PASS" starttime="20230703 16:29:39.527" endtime="20230703 16:29:41.810"/>
</kw>
<doc>Add Patient</doc>
<tag>Smoke</tag>
<status status="PASS" starttime="20230703 16:29:27.749" endtime="20230703 16:29:41.810"/>
</test>
<doc>Test Add Patient Functionality</doc>
<status status="PASS" starttime="20230703 16:29:27.500" endtime="20230703 16:29:41.810"/>
</suite>
<statistics>
<total>
<stat pass="1" fail="0" skip="0">All Tests</stat>
</total>
<tag>
<stat pass="1" fail="0" skip="0">Smoke</stat>
</tag>
<suite>
<stat pass="1" fail="0" skip="0" id="s1" name="Add Patient">Add Patient</stat>
</suite>
</statistics>
<errors>
</errors>
</robot>
