<?xml version="1.0" encoding="UTF-8"?>
<robot generator="Robot 6.0.2 (Python 3.10.8 on win32)" generated="20230704 09:49:34.088" rpa="false" schemaversion="3">
<suite id="s1" name="Add Patient &amp; All User Login">
<suite id="s1-s1" name="Add Patient" source="C:\Users\ADMIN\Desktop\Robot_CRM\Add_Patient.robot">
<test id="s1-s1-t1" name="Add Patient" line="6">
<kw name="Admin Login" library="Login_Page">
<kw name="Open Browser and Open Login Page" library="Login_Page">
<kw name="Open Browser" library="SeleniumLibrary">
<arg>${Login_Url}</arg>
<arg>${Browser}</arg>
<doc>Opens a new browser instance to the optional ``url``.</doc>
<msg timestamp="20230704 09:49:34.388" level="INFO">Opening browser 'chrome' to base url 'https://hospitalb.com/login'.</msg>
<status status="PASS" starttime="20230704 09:49:34.388" endtime="20230704 09:49:40.106"/>
</kw>
<kw name="Maximize Browser Window" library="SeleniumLibrary">
<doc>Maximizes current browser window.</doc>
<status status="PASS" starttime="20230704 09:49:40.107" endtime="20230704 09:49:40.307"/>
</kw>
<status status="PASS" starttime="20230704 09:49:34.388" endtime="20230704 09:49:40.307"/>
</kw>
<kw name="Input Email And Pass" library="Login_Page">
<arg>${USER Admin}[email]</arg>
<arg>${USER Admin}[password]</arg>
<kw name="Input Text" library="SeleniumLibrary">
<arg>name:email</arg>
<arg>${username}</arg>
<doc>Types the given ``text`` into the text field identified by ``locator``.</doc>
<msg timestamp="20230704 09:49:40.315" level="INFO">Typing text 'admin@gmail.com' into text field 'name:email'.</msg>
<status status="PASS" starttime="20230704 09:49:40.307" endtime="20230704 09:49:40.523"/>
</kw>
<kw name="Input Text" library="SeleniumLibrary">
<arg>name:password</arg>
<arg>${password}</arg>
<doc>Types the given ``text`` into the text field identified by ``locator``.</doc>
<msg timestamp="20230704 09:49:40.523" level="INFO">Typing text '123456' into text field 'name:password'.</msg>
<status status="PASS" starttime="20230704 09:49:40.523" endtime="20230704 09:49:40.710"/>
</kw>
<status status="PASS" starttime="20230704 09:49:40.307" endtime="20230704 09:49:40.710"/>
</kw>
<kw name="Click Sign In Button" library="Login_Page">
<kw name="Click Element" library="SeleniumLibrary">
<arg>xpath://input[@value='Sign In']</arg>
<doc>Click the element identified by ``locator``.</doc>
<msg timestamp="20230704 09:49:40.718" level="INFO">Clicking element 'xpath://input[@value='Sign In']'.</msg>
<status status="PASS" starttime="20230704 09:49:40.710" endtime="20230704 09:49:44.164"/>
</kw>
<status status="PASS" starttime="20230704 09:49:40.710" endtime="20230704 09:49:44.164"/>
</kw>
<status status="PASS" starttime="20230704 09:49:34.388" endtime="20230704 09:49:44.164"/>
</kw>
<kw name="Click Link" library="SeleniumLibrary">
<arg>partial link:Patient</arg>
<doc>Clicks a link identified by ``locator``.</doc>
<msg timestamp="20230704 09:49:44.177" level="INFO">Clicking link 'partial link:Patient'.</msg>
<status status="PASS" starttime="20230704 09:49:44.176" endtime="20230704 09:49:44.913"/>
</kw>
<kw name="Click Element" library="SeleniumLibrary">
<arg>xpath://h3/a</arg>
<doc>Click the element identified by ``locator``.</doc>
<msg timestamp="20230704 09:49:44.915" level="INFO">Clicking element 'xpath://h3/a'.</msg>
<status status="PASS" starttime="20230704 09:49:44.914" endtime="20230704 09:49:46.267"/>
</kw>
<kw name="Input Text" library="SeleniumLibrary">
<arg>id:full_name</arg>
<arg>Ad</arg>
<doc>Types the given ``text`` into the text field identified by ``locator``.</doc>
<msg timestamp="20230704 09:49:46.269" level="INFO">Typing text 'Ad' into text field 'id:full_name'.</msg>
<status status="PASS" starttime="20230704 09:49:46.268" endtime="20230704 09:49:46.413"/>
</kw>
<kw name="Input Text" library="SeleniumLibrary">
<arg>id:mobile_no</arg>
<arg>283874834773</arg>
<doc>Types the given ``text`` into the text field identified by ``locator``.</doc>
<msg timestamp="20230704 09:49:46.414" level="INFO">Typing text '283874834773' into text field 'id:mobile_no'.</msg>
<status status="PASS" starttime="20230704 09:49:46.413" endtime="20230704 09:49:46.592"/>
</kw>
<kw name="Select From List By Value" library="SeleniumLibrary">
<arg>name:gender</arg>
<arg>1</arg>
<doc>Selects options from selection list ``locator`` by ``values``.</doc>
<msg timestamp="20230704 09:49:46.594" level="INFO">Selecting options from selection list 'name:gender' by value 1.</msg>
<status status="PASS" starttime="20230704 09:49:46.592" endtime="20230704 09:49:46.711"/>
</kw>
<kw name="Select From List By Label" library="SeleniumLibrary">
<arg>name:gender</arg>
<arg>Male</arg>
<doc>Selects options from selection list ``locator`` by ``labels``.</doc>
<msg timestamp="20230704 09:49:46.712" level="INFO">Selecting options from selection list 'name:gender' by label Male.</msg>
<status status="PASS" starttime="20230704 09:49:46.711" endtime="20230704 09:49:46.766"/>
</kw>
<kw name="Click Button" library="SeleniumLibrary">
<arg>xpath://button[text()='Next']</arg>
<doc>Clicks the button identified by ``locator``.</doc>
<msg timestamp="20230704 09:49:46.768" level="INFO">Clicking button 'xpath://button[text()='Next']'.</msg>
<status status="PASS" starttime="20230704 09:49:46.767" endtime="20230704 09:49:46.873"/>
</kw>
<kw name="Close Browser" library="SeleniumLibrary" type="TEARDOWN">
<doc>Closes the current browser.</doc>
<status status="PASS" starttime="20230704 09:49:46.874" endtime="20230704 09:49:49.158"/>
</kw>
<doc>Add Patient</doc>
<tag>Smoke</tag>
<status status="PASS" starttime="20230704 09:49:34.388" endtime="20230704 09:49:49.158"/>
</test>
<doc>Test Add Patient Functionality</doc>
<status status="PASS" starttime="20230704 09:49:34.119" endtime="20230704 09:49:49.158"/>
</suite>
<suite id="s1-s2" name="All User Login" source="C:\Users\ADMIN\Desktop\Robot_CRM\All_User_Login.robot">
<test id="s1-s2-t1" name="Test_Admin_Login" line="6">
<kw name="Open Browser and Open Login Page" library="Login_Page">
<kw name="Open Browser" library="SeleniumLibrary">
<arg>${Login_Url}</arg>
<arg>${Browser}</arg>
<doc>Opens a new browser instance to the optional ``url``.</doc>
<msg timestamp="20230704 09:49:49.173" level="INFO">Opening browser 'chrome' to base url 'https://hospitalb.com/login'.</msg>
<status status="PASS" starttime="20230704 09:49:49.173" endtime="20230704 09:49:53.874"/>
</kw>
<kw name="Maximize Browser Window" library="SeleniumLibrary">
<doc>Maximizes current browser window.</doc>
<status status="PASS" starttime="20230704 09:49:53.874" endtime="20230704 09:49:53.998"/>
</kw>
<status status="PASS" starttime="20230704 09:49:49.173" endtime="20230704 09:49:53.998"/>
</kw>
<kw name="Input Email And Pass" library="Login_Page">
<arg>${USER Admin}[email]</arg>
<arg>${USER Admin}[password]</arg>
<kw name="Input Text" library="SeleniumLibrary">
<arg>name:email</arg>
<arg>${username}</arg>
<doc>Types the given ``text`` into the text field identified by ``locator``.</doc>
<msg timestamp="20230704 09:49:53.998" level="INFO">Typing text 'admin@gmail.com' into text field 'name:email'.</msg>
<status status="PASS" starttime="20230704 09:49:53.998" endtime="20230704 09:49:54.186"/>
</kw>
<kw name="Input Text" library="SeleniumLibrary">
<arg>name:password</arg>
<arg>${password}</arg>
<doc>Types the given ``text`` into the text field identified by ``locator``.</doc>
<msg timestamp="20230704 09:49:54.186" level="INFO">Typing text '123456' into text field 'name:password'.</msg>
<status status="PASS" starttime="20230704 09:49:54.186" endtime="20230704 09:49:54.302"/>
</kw>
<status status="PASS" starttime="20230704 09:49:53.998" endtime="20230704 09:49:54.302"/>
</kw>
<kw name="Sleep Time 2s" library="Login_Page">
<kw name="Sleep" library="BuiltIn">
<arg>2s</arg>
<doc>Pauses the test executed for the given time.</doc>
<msg timestamp="20230704 09:49:56.316" level="INFO">Slept 2 seconds</msg>
<status status="PASS" starttime="20230704 09:49:54.302" endtime="20230704 09:49:56.316"/>
</kw>
<status status="PASS" starttime="20230704 09:49:54.302" endtime="20230704 09:49:56.316"/>
</kw>
<kw name="Click Sign In Button" library="Login_Page">
<kw name="Click Element" library="SeleniumLibrary">
<arg>xpath://input[@value='Sign In']</arg>
<doc>Click the element identified by ``locator``.</doc>
<msg timestamp="20230704 09:49:56.316" level="INFO">Clicking element 'xpath://input[@value='Sign In']'.</msg>
<status status="PASS" starttime="20230704 09:49:56.316" endtime="20230704 09:50:00.040"/>
</kw>
<status status="PASS" starttime="20230704 09:49:56.316" endtime="20230704 09:50:00.040"/>
</kw>
<kw name="Page Have Hospital Statistics Header" library="Login_Page">
<kw name="Element Should Be Visible" library="SeleniumLibrary">
<arg>xpath://h1[contains(text(),'Hospital Statistics')]</arg>
<doc>Verifies that the element identified by ``locator`` is visible.</doc>
<msg timestamp="20230704 09:50:00.333" level="INFO">Element 'xpath://h1[contains(text(),'Hospital Statistics')]' is displayed.</msg>
<status status="PASS" starttime="20230704 09:50:00.042" endtime="20230704 09:50:00.333"/>
</kw>
<status status="PASS" starttime="20230704 09:50:00.041" endtime="20230704 09:50:00.333"/>
</kw>
<kw name="Close Browser" library="SeleniumLibrary" type="TEARDOWN">
<doc>Closes the current browser.</doc>
<status status="PASS" starttime="20230704 09:50:00.334" endtime="20230704 09:50:04.263"/>
</kw>
<doc>Test Admin Login</doc>
<tag>Smoke</tag>
<status status="PASS" starttime="20230704 09:49:49.173" endtime="20230704 09:50:04.263"/>
</test>
<test id="s1-s2-t2" name="Test_Hr_Login" line="15">
<kw name="Open Browser and Open Login Page" library="Login_Page">
<kw name="Open Browser" library="SeleniumLibrary">
<arg>${Login_Url}</arg>
<arg>${Browser}</arg>
<doc>Opens a new browser instance to the optional ``url``.</doc>
<msg timestamp="20230704 09:50:04.263" level="INFO">Opening browser 'chrome' to base url 'https://hospitalb.com/login'.</msg>
<status status="PASS" starttime="20230704 09:50:04.263" endtime="20230704 09:50:08.986"/>
</kw>
<kw name="Maximize Browser Window" library="SeleniumLibrary">
<doc>Maximizes current browser window.</doc>
<status status="PASS" starttime="20230704 09:50:08.986" endtime="20230704 09:50:09.098"/>
</kw>
<status status="PASS" starttime="20230704 09:50:04.263" endtime="20230704 09:50:09.098"/>
</kw>
<kw name="Input Email And Pass" library="Login_Page">
<arg>${USER HR}[email]</arg>
<arg>${USER HR}[password]</arg>
<kw name="Input Text" library="SeleniumLibrary">
<arg>name:email</arg>
<arg>${username}</arg>
<doc>Types the given ``text`` into the text field identified by ``locator``.</doc>
<msg timestamp="20230704 09:50:09.098" level="INFO">Typing text 'hr@gmail.com' into text field 'name:email'.</msg>
<status status="PASS" starttime="20230704 09:50:09.098" endtime="20230704 09:50:09.281"/>
</kw>
<kw name="Input Text" library="SeleniumLibrary">
<arg>name:password</arg>
<arg>${password}</arg>
<doc>Types the given ``text`` into the text field identified by ``locator``.</doc>
<msg timestamp="20230704 09:50:09.283" level="INFO">Typing text '123456' into text field 'name:password'.</msg>
<status status="PASS" starttime="20230704 09:50:09.281" endtime="20230704 09:50:09.393"/>
</kw>
<status status="PASS" starttime="20230704 09:50:09.098" endtime="20230704 09:50:09.393"/>
</kw>
<kw name="Sleep Time 2s" library="Login_Page">
<kw name="Sleep" library="BuiltIn">
<arg>2s</arg>
<doc>Pauses the test executed for the given time.</doc>
<msg timestamp="20230704 09:50:11.405" level="INFO">Slept 2 seconds</msg>
<status status="PASS" starttime="20230704 09:50:09.393" endtime="20230704 09:50:11.405"/>
</kw>
<status status="PASS" starttime="20230704 09:50:09.393" endtime="20230704 09:50:11.405"/>
</kw>
<kw name="Click Sign In Button" library="Login_Page">
<kw name="Click Element" library="SeleniumLibrary">
<arg>xpath://input[@value='Sign In']</arg>
<doc>Click the element identified by ``locator``.</doc>
<msg timestamp="20230704 09:50:11.408" level="INFO">Clicking element 'xpath://input[@value='Sign In']'.</msg>
<status status="PASS" starttime="20230704 09:50:11.405" endtime="20230704 09:50:15.373"/>
</kw>
<status status="PASS" starttime="20230704 09:50:11.405" endtime="20230704 09:50:15.374"/>
</kw>
<kw name="Page Have Hospital Statistics Header" library="Login_Page">
<kw name="Element Should Be Visible" library="SeleniumLibrary">
<arg>xpath://h1[contains(text(),'Hospital Statistics')]</arg>
<doc>Verifies that the element identified by ``locator`` is visible.</doc>
<msg timestamp="20230704 09:50:15.418" level="INFO">Element 'xpath://h1[contains(text(),'Hospital Statistics')]' is displayed.</msg>
<status status="PASS" starttime="20230704 09:50:15.377" endtime="20230704 09:50:15.418"/>
</kw>
<status status="PASS" starttime="20230704 09:50:15.376" endtime="20230704 09:50:15.418"/>
</kw>
<kw name="Close Browser" library="SeleniumLibrary" type="TEARDOWN">
<doc>Closes the current browser.</doc>
<status status="PASS" starttime="20230704 09:50:15.419" endtime="20230704 09:50:17.669"/>
</kw>
<doc>Test HR Login</doc>
<tag>Smoke</tag>
<status status="PASS" starttime="20230704 09:50:04.263" endtime="20230704 09:50:17.669"/>
</test>
<doc>Test Login Functionality</doc>
<status status="PASS" starttime="20230704 09:49:49.173" endtime="20230704 09:50:17.669"/>
</suite>
<status status="PASS" starttime="20230704 09:49:34.088" endtime="20230704 09:50:17.669"/>
</suite>
<statistics>
<total>
<stat pass="3" fail="0" skip="0">All Tests</stat>
</total>
<tag>
<stat pass="3" fail="0" skip="0">Smoke</stat>
</tag>
<suite>
<stat pass="3" fail="0" skip="0" id="s1" name="Add Patient &amp; All User Login">Add Patient &amp; All User Login</stat>
<stat pass="1" fail="0" skip="0" id="s1-s1" name="Add Patient">Add Patient &amp; All User Login.Add Patient</stat>
<stat pass="2" fail="0" skip="0" id="s1-s2" name="All User Login">Add Patient &amp; All User Login.All User Login</stat>
</suite>
</statistics>
<errors>
</errors>
</robot>
